2025-07-12 15:47:38,092 - elpais_scraper - INFO - Starting complete El País scraping workflow...
2025-07-12 15:47:38,092 - elpais_scraper - INFO - Initializing services...
2025-07-12 15:47:38,092 - elpais_scraper - INFO - All services initialized successfully
2025-07-12 15:47:38,092 - elpais_scraper - INFO - Step 1: Scraping articles from El País...
2025-07-12 15:47:42,635 - elpais_scraper - INFO - WebDriver initialized successfully for chrome
2025-07-12 15:47:42,635 - elpais_scraper - INFO - Navigating to El País opinion section...
2025-07-12 15:47:52,529 - elpais_scraper - INFO - Successfully navigated to El País opinion section
2025-07-12 15:47:52,530 - elpais_scraper - INFO - Extracting article links...
2025-07-12 15:47:52,566 - elpais_scraper - INFO - Found 5 article links
2025-07-12 15:47:52,566 - elpais_scraper - INFO - Scraping 5 articles...
2025-07-12 15:47:52,566 - elpais_scraper - INFO - Processing article 1/5
2025-07-12 15:47:52,566 - elpais_scraper - INFO - Scraping article: https://elpais.com/opinion/editoriales/
2025-07-12 15:49:29,015 - elpais_scraper - INFO - Successfully downloaded image: article_5247.jpg
2025-07-12 15:49:29,018 - elpais_scraper - INFO - Successfully scraped article: Opinión...
2025-07-12 15:49:30,019 - elpais_scraper - INFO - Processing article 2/5
2025-07-12 15:49:30,020 - elpais_scraper - INFO - Scraping article: https://elpais.com/opinion/2025-07-12/a-menos-schengen-menos-europa.html
2025-07-12 15:50:57,782 - elpais_scraper - INFO - Successfully downloaded image: article_909.jpg
2025-07-12 15:50:57,783 - elpais_scraper - INFO - Successfully scraped article: A menos Schengen, menos Europa...
2025-07-12 15:50:58,784 - elpais_scraper - INFO - Processing article 3/5
2025-07-12 15:50:58,784 - elpais_scraper - INFO - Scraping article: https://elpais.com/opinion/2025-07-12/en-interes-de-los-menores.html
2025-07-12 15:52:27,159 - elpais_scraper - INFO - Successfully downloaded image: article_7693.jpg
2025-07-12 15:52:27,159 - elpais_scraper - INFO - Successfully scraped article: En interés de los menores...
2025-07-12 15:52:28,165 - elpais_scraper - INFO - Processing article 4/5
2025-07-12 15:52:28,165 - elpais_scraper - INFO - Scraping article: https://elpais.com/opinion/2025-07-12/singularidad.html
2025-07-12 15:53:55,214 - elpais_scraper - INFO - Successfully downloaded image: article_5377.jpg
2025-07-12 15:53:55,214 - elpais_scraper - INFO - Successfully scraped article: Singularidad...
2025-07-12 15:53:56,220 - elpais_scraper - INFO - Processing article 5/5
2025-07-12 15:53:56,220 - elpais_scraper - INFO - Scraping article: https://elpais.com/opinion/2025-07-12/el-mar-ya-no-es-eterno.html
