2025-07-12 15:54:42,108 - elpais_scraper - INFO - Starting complete El País scraping workflow...
2025-07-12 15:54:42,108 - elpais_scraper - INFO - Initializing services...
2025-07-12 15:54:42,108 - elpais_scraper - INFO - All services initialized successfully
2025-07-12 15:54:42,108 - elpais_scraper - INFO - Step 1: Scraping articles from El País...
2025-07-12 15:54:43,972 - elpais_scraper - INFO - WebDriver initialized successfully for chrome
2025-07-12 15:54:43,973 - elpais_scraper - INFO - Navigating to El País opinion section...
2025-07-12 15:54:48,815 - elpais_scraper - INFO - Successfully navigated to El País opinion section
2025-07-12 15:54:48,815 - elpais_scraper - INFO - Extracting article links...
2025-07-12 15:54:48,886 - elpais_scraper - INFO - Found 5 article links
2025-07-12 15:54:48,886 - elpais_scraper - INFO - Scraping 5 articles...
2025-07-12 15:54:48,886 - elpais_scraper - INFO - Processing article 1/5
2025-07-12 15:54:48,886 - elpais_scraper - INFO - Scraping article: https://elpais.com/opinion/editoriales/
2025-07-12 15:56:22,773 - elpais_scraper - INFO - Successfully downloaded image: article_7006.jpg
2025-07-12 15:56:22,773 - elpais_scraper - INFO - Successfully scraped article: Opinión...
2025-07-12 15:56:23,782 - elpais_scraper - INFO - Processing article 2/5
2025-07-12 15:56:23,782 - elpais_scraper - INFO - Scraping article: https://elpais.com/opinion/2025-07-12/a-menos-schengen-menos-europa.html
2025-07-12 15:57:48,091 - elpais_scraper - INFO - Successfully downloaded image: article_3506.jpg
2025-07-12 15:57:48,092 - elpais_scraper - INFO - Successfully scraped article: A menos Schengen, menos Europa...
2025-07-12 15:57:49,093 - elpais_scraper - INFO - Processing article 3/5
2025-07-12 15:57:49,093 - elpais_scraper - INFO - Scraping article: https://elpais.com/opinion/2025-07-12/en-interes-de-los-menores.html
2025-07-12 15:59:12,348 - elpais_scraper - INFO - Successfully downloaded image: article_8240.jpg
2025-07-12 15:59:12,349 - elpais_scraper - INFO - Successfully scraped article: En interés de los menores...
2025-07-12 15:59:13,350 - elpais_scraper - INFO - Processing article 4/5
2025-07-12 15:59:13,351 - elpais_scraper - INFO - Scraping article: https://elpais.com/opinion/2025-07-12/singularidad.html
2025-07-12 16:00:36,326 - elpais_scraper - INFO - Successfully downloaded image: article_3041.jpg
2025-07-12 16:00:36,326 - elpais_scraper - INFO - Successfully scraped article: Singularidad...
2025-07-12 16:00:37,331 - elpais_scraper - INFO - Processing article 5/5
2025-07-12 16:00:37,331 - elpais_scraper - INFO - Scraping article: https://elpais.com/opinion/2025-07-12/el-mar-ya-no-es-eterno.html
2025-07-12 16:02:00,443 - elpais_scraper - INFO - Successfully downloaded image: article_6867.jpg
2025-07-12 16:02:00,444 - elpais_scraper - INFO - Successfully scraped article: El mar ya no es eterno...
2025-07-12 16:02:01,445 - elpais_scraper - INFO - Successfully scraped 5 articles
2025-07-12 16:02:04,876 - elpais_scraper - INFO - WebDriver closed successfully
2025-07-12 16:02:08,928 - elpais_scraper - INFO - Step 2: Translating article titles...
2025-07-12 16:02:08,928 - elpais_scraper - INFO - Translating 5 article titles...
2025-07-12 16:02:08,928 - elpais_scraper - INFO - Translating article 1/5: Opinión...
2025-07-12 16:02:10,647 - elpais_scraper - INFO - Successfully translated text with Google Translate
2025-07-12 16:02:11,157 - elpais_scraper - INFO - Translating article 2/5: A menos Schengen, menos Europa...
2025-07-12 16:02:12,761 - elpais_scraper - INFO - Successfully translated text with Google Translate
2025-07-12 16:02:13,264 - elpais_scraper - INFO - Translating article 3/5: En interés de los menores...
2025-07-12 16:02:15,198 - elpais_scraper - INFO - Successfully translated text with Google Translate
2025-07-12 16:02:15,710 - elpais_scraper - INFO - Translating article 4/5: Singularidad...
2025-07-12 16:02:17,571 - elpais_scraper - INFO - Successfully translated text with Google Translate
2025-07-12 16:02:18,077 - elpais_scraper - INFO - Translating article 5/5: El mar ya no es eterno...
2025-07-12 16:02:19,654 - elpais_scraper - INFO - Successfully translated text with Google Translate
2025-07-12 16:02:20,163 - elpais_scraper - INFO - Successfully translated 5 articles
2025-07-12 16:02:20,165 - elpais_scraper - INFO - Step 3: Analyzing word frequency...
2025-07-12 16:02:20,165 - elpais_scraper - INFO - Analyzing word frequency in translated titles...
2025-07-12 16:02:20,167 - elpais_scraper - INFO - Found 0 words repeated more than twice
2025-07-12 16:02:20,174 - elpais_scraper - INFO - Results saved to scraped_data/scraping_results_20250712_160220.json
2025-07-12 16:02:20,187 - elpais_scraper - INFO - Workflow completed successfully in 458.06 seconds
